[2024-10-23T11:59:40.006099+02:00] name.INFO: Se ha guardado una imagen: Imagen1.png [] []
[2024-10-23T12:28:55.634038+02:00] name.INFO: Se ha guardado una imagen: img1.jpeg [] []
[2024-10-29T09:38:29.891335+01:00] name.INFO: Se ha guardado una imagen: totote.jpg [] []
[2024-11-04T11:28:37.419739+01:00] name.WARNING: Se ha guardado una imagen: images.jpeg [] []
[2024-11-04T11:45:19.209522+01:00] name.WARNING: Se ha guardado una imagen: t.png [] []
[2024-11-08T11:35:39.434677+01:00] name.WARNING: Se ha guardado una imagen: Imagen11.png [] []
[2024-11-12T09:33:48.652383+01:00] name.WARNING: Se ha guardado una imagen: images.jpeg [] []
[2024-11-12T09:33:48.742627+01:00] name.WARNING: Se ha guardado una imagen: images.jpeg [] []
[2024-11-15T11:59:50.314471+01:00] name.WARNING: Se ha guardado una imagen: lemon.jpg [] []
[2024-11-15T11:59:50.425853+01:00] name.WARNING: Se ha guardado una imagen: lemon.jpg [] []
[2024-11-15T12:00:19.416235+01:00] name.WARNING: Se ha guardado una imagen: fibal.jpg [] []
[2024-11-15T12:00:19.419508+01:00] name.WARNING: Se ha guardado una imagen: fibal.jpg [] []
[2024-11-15T12:00:32.094033+01:00] name.WARNING: Se ha guardado una imagen: lemonFinal.jpg [] []
[2024-11-15T12:00:32.096210+01:00] name.WARNING: Se ha guardado una imagen: lemonFinal.jpg [] []
[2024-11-15T12:00:51.611365+01:00] name.WARNING: Se ha guardado una imagen: limonTOcho.jpg [] []
[2024-11-15T12:00:51.613520+01:00] name.WARNING: Se ha guardado una imagen: limonTOcho.jpg [] []
[2024-11-15T12:01:07.620298+01:00] name.WARNING: Se ha guardado una imagen: vernePerfil.png [] []
[2024-11-15T12:01:07.623217+01:00] name.WARNING: Se ha guardado una imagen: vernePerfil.png [] []
[2024-11-15T12:06:06.331216+01:00] name.WARNING: Se ha guardado una imagen: tortugaAsustada.jpg [] []
[2024-11-15T12:06:06.335590+01:00] name.WARNING: Se ha guardado una imagen: tortugaAsustada.jpg [] []
[2024-11-15T12:06:20.636568+01:00] name.WARNING: Se ha guardado una imagen: tortugaFelizAsustada.png [] []
[2024-11-15T12:06:20.639730+01:00] name.WARNING: Se ha guardado una imagen: tortugaFelizAsustada.png [] []
[2024-11-15T12:06:31.274053+01:00] name.WARNING: Se ha guardado una imagen: timida.png [] []
[2024-11-15T12:06:31.276997+01:00] name.WARNING: Se ha guardado una imagen: timida.png [] []
[2024-11-15T12:06:42.139720+01:00] name.WARNING: Se ha guardado una imagen: limon.jpg [] []
[2024-11-15T12:06:42.142810+01:00] name.WARNING: Se ha guardado una imagen: limon.jpg [] []
[2024-11-15T12:06:53.964773+01:00] name.WARNING: Se ha guardado una imagen: oceano.jpg [] []
[2024-11-15T12:06:53.968006+01:00] name.WARNING: Se ha guardado una imagen: oceano.jpg [] []
[2024-11-15T12:10:00.197509+01:00] name.WARNING: Se ha guardado una imagen: tortugaAcabo.jpg [] []
[2024-11-15T12:10:00.200517+01:00] name.WARNING: Se ha guardado una imagen: tortugaAcabo.jpg [] []
[2024-11-15T12:10:09.498526+01:00] name.WARNING: Se ha guardado una imagen: felixUnidos.jpg [] []
[2024-11-15T12:10:09.501555+01:00] name.WARNING: Se ha guardado una imagen: felixUnidos.jpg [] []
[2024-11-15T12:14:40.441868+01:00] name.WARNING: Se ha guardado una imagen: tortu.png [] []
[2024-11-15T12:14:40.444940+01:00] name.WARNING: Se ha guardado una imagen: tortu.png [] []
[2024-11-20T11:31:57.535775+01:00] name.WARNING: Se ha creado el usuario: Pep [] []
[2024-11-20T11:34:53.998746+01:00] name.WARNING: Se ha creado el usuario: Juanete [] []
[2024-11-20T11:44:24.779722+01:00] name.WARNING: Se ha creado el usuario: Alejandro [] []
[2024-11-20T11:54:27.663719+01:00] name.WARNING: Se ha guardado una imagen: limonjEnfadado.jpeg [] []
[2024-11-20T11:54:27.667849+01:00] name.WARNING: Se ha guardado una imagen: limonjEnfadado.jpeg [] []
